<?xml version="1.0" encoding="utf-8" standalone="no"?>
<!--This file represents the results of running a test suite-->
<test-results name="D:\Kuliah\Amikom\Semester 3\Pemrograman Lanjut\Materi\Module Praktikum 05\02 tugas\TugasLibraryUnitTesting\bin\Debug\TugasLibraryUnitTesting.dll" total="2" errors="0" failures="0" not-run="0" inconclusive="0" ignored="0" skipped="0" invalid="0" date="2021-10-28" time="23:11:12">
  <environment nunit-version="2.6.4.14350" clr-version="2.0.50727.9151" os-version="Microsoft Windows NT 6.2.9200.0" platform="Win32NT" cwd="D:\Kuliah\Amikom\Semester 3\Pemrograman Lanjut\Materi\Module Praktikum 05\tools-testing" machine-name="LAPTOP-I7GNGHIU" user="TUF Gaming" user-domain="LAPTOP-I7GNGHIU" />
  <culture-info current-culture="en-ID" current-uiculture="en-US" />
  <test-suite type="Assembly" name="D:\Kuliah\Amikom\Semester 3\Pemrograman Lanjut\Materi\Module Praktikum 05\02 tugas\TugasLibraryUnitTesting\bin\Debug\TugasLibraryUnitTesting.dll" executed="True" result="Success" success="True" time="0.007" asserts="0">
    <results>
      <test-suite type="Namespace" name="TugasLibraryUnitTesting" executed="True" result="Success" success="True" time="0.007" asserts="0">
        <results>
          <test-suite type="TestFixture" name="DayTest+TugasLibraryTest" executed="True" result="Success" success="True" time="0.002" asserts="0">
            <results>
              <test-case name="TugasLibraryUnitTesting.DayTest+TugasLibraryTest.NameOfDayTest" executed="True" result="Success" success="True" time="0.000" asserts="7" />
            </results>
          </test-suite>
          <test-suite type="TestFixture" name="TestUserValid+TugasLibraryTest" executed="True" result="Success" success="True" time="0.001" asserts="0">
            <results>
              <test-case name="TugasLibraryUnitTesting.TestUserValid+TugasLibraryTest.TestUserValid" executed="True" result="Success" success="True" time="0.000" asserts="1" />
            </results>
          </test-suite>
        </results>
      </test-suite>
    </results>
  </test-suite>
</test-results>